This is pdfTeX, Version 3.14159265-2.6-1.40.21 (TeX Live 2020/W32TeX) (preloaded format=pdflatex 2021.3.23)  24 MAR 2021 12:11
entering extended mode
 restricted \write18 enabled.
 %&-line parsing enabled.
**twitter-blossom-watch-2021.tex
(./twitter-blossom-watch-2021.tex
LaTeX2e <2020-10-01> patch level 4
L3 programming layer <2021-02-18>
(c:/Users/alan.millington/AppData/Roaming/TinyTeX/texmf-dist/tex/latex/base/art
icle.cls
Document Class: article 2020/04/10 v1.4m Standard LaTeX document class

(c:/Users/alan.millington/AppData/Roaming/TinyTeX/texmf-dist/tex/latex/base/siz
e10.clo
File: size10.clo 2020/04/10 v1.4m Standard LaTeX file (size option)
)
\c@part=\count179
\c@section=\count180
\c@subsection=\count181
\c@subsubsection=\count182
\c@paragraph=\count183
\c@subparagraph=\count184
\c@figure=\count185
\c@table=\count186
\abovecaptionskip=\skip47
\belowcaptionskip=\skip48
\bibindent=\dimen138
)
(c:/Users/alan.millington/AppData/Roaming/TinyTeX/texmf-dist/tex/latex/lm/lmode
rn.sty
Package: lmodern 2009/10/30 v1.6 Latin Modern Fonts
LaTeX Font Info:    Overwriting symbol font `operators' in version `normal'
(Font)                  OT1/cmr/m/n --> OT1/lmr/m/n on input line 22.
LaTeX Font Info:    Overwriting symbol font `letters' in version `normal'
(Font)                  OML/cmm/m/it --> OML/lmm/m/it on input line 23.
LaTeX Font Info:    Overwriting symbol font `symbols' in version `normal'
(Font)                  OMS/cmsy/m/n --> OMS/lmsy/m/n on input line 24.
LaTeX Font Info:    Overwriting symbol font `largesymbols' in version `normal'
(Font)                  OMX/cmex/m/n --> OMX/lmex/m/n on input line 25.
LaTeX Font Info:    Overwriting symbol font `operators' in version `bold'
(Font)                  OT1/cmr/bx/n --> OT1/lmr/bx/n on input line 26.
LaTeX Font Info:    Overwriting symbol font `letters' in version `bold'
(Font)                  OML/cmm/b/it --> OML/lmm/b/it on input line 27.
LaTeX Font Info:    Overwriting symbol font `symbols' in version `bold'
(Font)                  OMS/cmsy/b/n --> OMS/lmsy/b/n on input line 28.
LaTeX Font Info:    Overwriting symbol font `largesymbols' in version `bold'
(Font)                  OMX/cmex/m/n --> OMX/lmex/m/n on input line 29.
LaTeX Font Info:    Overwriting math alphabet `\mathbf' in version `normal'
(Font)                  OT1/cmr/bx/n --> OT1/lmr/bx/n on input line 31.
LaTeX Font Info:    Overwriting math alphabet `\mathsf' in version `normal'
(Font)                  OT1/cmss/m/n --> OT1/lmss/m/n on input line 32.
LaTeX Font Info:    Overwriting math alphabet `\mathit' in version `normal'
(Font)                  OT1/cmr/m/it --> OT1/lmr/m/it on input line 33.
LaTeX Font Info:    Overwriting math alphabet `\mathtt' in version `normal'
(Font)                  OT1/cmtt/m/n --> OT1/lmtt/m/n on input line 34.
LaTeX Font Info:    Overwriting math alphabet `\mathbf' in version `bold'
(Font)                  OT1/cmr/bx/n --> OT1/lmr/bx/n on input line 35.
LaTeX Font Info:    Overwriting math alphabet `\mathsf' in version `bold'
(Font)                  OT1/cmss/bx/n --> OT1/lmss/bx/n on input line 36.
LaTeX Font Info:    Overwriting math alphabet `\mathit' in version `bold'
(Font)                  OT1/cmr/bx/it --> OT1/lmr/bx/it on input line 37.
LaTeX Font Info:    Overwriting math alphabet `\mathtt' in version `bold'
(Font)                  OT1/cmtt/m/n --> OT1/lmtt/m/n on input line 38.
)
(c:/Users/alan.millington/AppData/Roaming/TinyTeX/texmf-dist/tex/latex/amsfonts
/amssymb.sty
Package: amssymb 2013/01/14 v3.01 AMS font symbols

(c:/Users/alan.millington/AppData/Roaming/TinyTeX/texmf-dist/tex/latex/amsfonts
/amsfonts.sty
Package: amsfonts 2013/01/14 v3.01 Basic AMSFonts support
\@emptytoks=\toks15
\symAMSa=\mathgroup4
\symAMSb=\mathgroup5
LaTeX Font Info:    Redeclaring math symbol \hbar on input line 98.
LaTeX Font Info:    Overwriting math alphabet `\mathfrak' in version `bold'
(Font)                  U/euf/m/n --> U/euf/b/n on input line 106.
))
(c:/Users/alan.millington/AppData/Roaming/TinyTeX/texmf-dist/tex/latex/amsmath/
amsmath.sty
Package: amsmath 2020/09/23 v2.17i AMS math features
\@mathmargin=\skip49
For additional information on amsmath, use the `?' option.

(c:/Users/alan.millington/AppData/Roaming/TinyTeX/texmf-dist/tex/latex/amsmath/
amstext.sty
Package: amstext 2000/06/29 v2.01 AMS text

(c:/Users/alan.millington/AppData/Roaming/TinyTeX/texmf-dist/tex/latex/amsmath/
amsgen.sty
File: amsgen.sty 1999/11/30 v2.0 generic functions
\@emptytoks=\toks16
\ex@=\dimen139
))
(c:/Users/alan.millington/AppData/Roaming/TinyTeX/texmf-dist/tex/latex/amsmath/
amsbsy.sty
Package: amsbsy 1999/11/29 v1.2d Bold Symbols
\pmbraise@=\dimen140
)
(c:/Users/alan.millington/AppData/Roaming/TinyTeX/texmf-dist/tex/latex/amsmath/
amsopn.sty
Package: amsopn 2016/03/08 v2.02 operator names
)
\inf@bad=\count187
LaTeX Info: Redefining \frac on input line 234.
\uproot@=\count188
\leftroot@=\count189
LaTeX Info: Redefining \overline on input line 399.
\classnum@=\count190
\DOTSCASE@=\count191
LaTeX Info: Redefining \ldots on input line 496.
LaTeX Info: Redefining \dots on input line 499.
LaTeX Info: Redefining \cdots on input line 620.
\Mathstrutbox@=\box47
\strutbox@=\box48
\big@size=\dimen141
LaTeX Font Info:    Redeclaring font encoding OML on input line 743.
LaTeX Font Info:    Redeclaring font encoding OMS on input line 744.
\macc@depth=\count192
\c@MaxMatrixCols=\count193
\dotsspace@=\muskip16
\c@parentequation=\count194
\dspbrk@lvl=\count195
\tag@help=\toks17
\row@=\count196
\column@=\count197
\maxfields@=\count198
\andhelp@=\toks18
\eqnshift@=\dimen142
\alignsep@=\dimen143
\tagshift@=\dimen144
\tagwidth@=\dimen145
\totwidth@=\dimen146
\lineht@=\dimen147
\@envbody=\toks19
\multlinegap=\skip50
\multlinetaggap=\skip51
\mathdisplay@stack=\toks20
LaTeX Info: Redefining \[ on input line 2923.
LaTeX Info: Redefining \] on input line 2924.
)
(c:/Users/alan.millington/AppData/Roaming/TinyTeX/texmf-dist/tex/generic/iftex/
ifxetex.sty
Package: ifxetex 2019/10/25 v0.7 ifxetex legacy package. Use iftex instead.

(c:/Users/alan.millington/AppData/Roaming/TinyTeX/texmf-dist/tex/generic/iftex/
iftex.sty
Package: iftex 2020/03/06 v1.0d TeX engine tests
))
(c:/Users/alan.millington/AppData/Roaming/TinyTeX/texmf-dist/tex/generic/iftex/
ifluatex.sty
Package: ifluatex 2019/10/25 v1.5 ifluatex legacy package. Use iftex instead.
)
(c:/Users/alan.millington/AppData/Roaming/TinyTeX/texmf-dist/tex/latex/base/fon
tenc.sty
Package: fontenc 2020/08/10 v2.0s Standard LaTeX package
LaTeX Font Info:    Trying to load font information for T1+lmr on input line 11
2.

(c:/Users/alan.millington/AppData/Roaming/TinyTeX/texmf-dist/tex/latex/lm/t1lmr
.fd
File: t1lmr.fd 2009/10/30 v1.6 Font defs for Latin Modern
))
(c:/Users/alan.millington/AppData/Roaming/TinyTeX/texmf-dist/tex/latex/base/inp
utenc.sty
Package: inputenc 2020/08/01 v1.3d Input encoding file
\inpenc@prehook=\toks21
\inpenc@posthook=\toks22
)
(c:/Users/alan.millington/AppData/Roaming/TinyTeX/texmf-dist/tex/latex/base/tex
tcomp.sty
Package: textcomp 2020/02/02 v2.0n Standard LaTeX package
)
(c:/Users/alan.millington/AppData/Roaming/TinyTeX/texmf-dist/tex/latex/xcolor/x
color.sty
Package: xcolor 2016/05/11 v2.12 LaTeX color extensions (UK)

(c:/Users/alan.millington/AppData/Roaming/TinyTeX/texmf-dist/tex/latex/graphics
-cfg/color.cfg
File: color.cfg 2016/01/02 v1.6 sample color configuration
)
Package xcolor Info: Driver file: pdftex.def on input line 225.

(c:/Users/alan.millington/AppData/Roaming/TinyTeX/texmf-dist/tex/latex/graphics
-def/pdftex.def
File: pdftex.def 2020/10/05 v1.2a Graphics/color driver for pdftex
)
Package xcolor Info: Model `cmy' substituted by `cmy0' on input line 1348.
Package xcolor Info: Model `hsb' substituted by `rgb' on input line 1352.
Package xcolor Info: Model `RGB' extended on input line 1364.
Package xcolor Info: Model `HTML' substituted by `rgb' on input line 1366.
Package xcolor Info: Model `Hsb' substituted by `hsb' on input line 1367.
Package xcolor Info: Model `tHsb' substituted by `hsb' on input line 1368.
Package xcolor Info: Model `HSB' substituted by `hsb' on input line 1369.
Package xcolor Info: Model `Gray' substituted by `gray' on input line 1370.
Package xcolor Info: Model `wave' substituted by `hsb' on input line 1371.
)
(c:/Users/alan.millington/AppData/Roaming/TinyTeX/texmf-dist/tex/latex/hyperref
/hyperref.sty
Package: hyperref 2021-02-27 v7.00k Hypertext links for LaTeX

(c:/Users/alan.millington/AppData/Roaming/TinyTeX/texmf-dist/tex/generic/ltxcmd
s/ltxcmds.sty
Package: ltxcmds 2020-05-10 v1.25 LaTeX kernel commands for general use (HO)
)
(c:/Users/alan.millington/AppData/Roaming/TinyTeX/texmf-dist/tex/generic/pdftex
cmds/pdftexcmds.sty
Package: pdftexcmds 2020-06-27 v0.33 Utility functions of pdfTeX for LuaTeX (HO
)

(c:/Users/alan.millington/AppData/Roaming/TinyTeX/texmf-dist/tex/generic/infwar
err/infwarerr.sty
Package: infwarerr 2019/12/03 v1.5 Providing info/warning/error messages (HO)
)
Package pdftexcmds Info: \pdf@primitive is available.
Package pdftexcmds Info: \pdf@ifprimitive is available.
Package pdftexcmds Info: \pdfdraftmode found.
)
(c:/Users/alan.millington/AppData/Roaming/TinyTeX/texmf-dist/tex/latex/graphics
/keyval.sty
Package: keyval 2014/10/28 v1.15 key=value parser (DPC)
\KV@toks@=\toks23
)
(c:/Users/alan.millington/AppData/Roaming/TinyTeX/texmf-dist/tex/generic/kvsetk
eys/kvsetkeys.sty
Package: kvsetkeys 2019/12/15 v1.18 Key value parser (HO)
)
(c:/Users/alan.millington/AppData/Roaming/TinyTeX/texmf-dist/tex/generic/kvdefi
nekeys/kvdefinekeys.sty
Package: kvdefinekeys 2019-12-19 v1.6 Define keys (HO)
)
(c:/Users/alan.millington/AppData/Roaming/TinyTeX/texmf-dist/tex/generic/pdfesc
ape/pdfescape.sty
Package: pdfescape 2019/12/09 v1.15 Implements pdfTeX's escape features (HO)
)
(c:/Users/alan.millington/AppData/Roaming/TinyTeX/texmf-dist/tex/latex/hycolor/
hycolor.sty
Package: hycolor 2020-01-27 v1.10 Color options for hyperref/bookmark (HO)
)
(c:/Users/alan.millington/AppData/Roaming/TinyTeX/texmf-dist/tex/latex/letltxma
cro/letltxmacro.sty
Package: letltxmacro 2019/12/03 v1.6 Let assignment for LaTeX macros (HO)
)
(c:/Users/alan.millington/AppData/Roaming/TinyTeX/texmf-dist/tex/latex/auxhook/
auxhook.sty
Package: auxhook 2019-12-17 v1.6 Hooks for auxiliary files (HO)
)
(c:/Users/alan.millington/AppData/Roaming/TinyTeX/texmf-dist/tex/latex/kvoption
s/kvoptions.sty
Package: kvoptions 2020-10-07 v3.14 Key value format for package options (HO)
)
\@linkdim=\dimen148
\Hy@linkcounter=\count199
\Hy@pagecounter=\count266

(c:/Users/alan.millington/AppData/Roaming/TinyTeX/texmf-dist/tex/latex/hyperref
/pd1enc.def
File: pd1enc.def 2021-02-27 v7.00k Hyperref: PDFDocEncoding definition (HO)
Now handling font encoding PD1 ...
... no UTF-8 mapping file for font encoding PD1
)
(c:/Users/alan.millington/AppData/Roaming/TinyTeX/texmf-dist/tex/latex/hyperref
/hyperref-langpatches.def
File: hyperref-langpatches.def 2021-02-27 v7.00k Hyperref: patches for babel la
nguages
)
(c:/Users/alan.millington/AppData/Roaming/TinyTeX/texmf-dist/tex/generic/intcal
c/intcalc.sty
Package: intcalc 2019/12/15 v1.3 Expandable calculations with integers (HO)
)
(c:/Users/alan.millington/AppData/Roaming/TinyTeX/texmf-dist/tex/generic/etexcm
ds/etexcmds.sty
Package: etexcmds 2019/12/15 v1.7 Avoid name clashes with e-TeX commands (HO)
)
\Hy@SavedSpaceFactor=\count267

(c:/Users/alan.millington/AppData/Roaming/TinyTeX/texmf-dist/tex/latex/hyperref
/puenc.def
File: puenc.def 2021-02-27 v7.00k Hyperref: PDF Unicode definition (HO)
Now handling font encoding PU ...
... no UTF-8 mapping file for font encoding PU
)
Package hyperref Info: Option `unicode' set `true' on input line 4073.
Package hyperref Info: Hyper figures OFF on input line 4192.
Package hyperref Info: Link nesting OFF on input line 4197.
Package hyperref Info: Hyper index ON on input line 4200.
Package hyperref Info: Plain pages OFF on input line 4207.
Package hyperref Info: Backreferencing OFF on input line 4212.
Package hyperref Info: Implicit mode ON; LaTeX internals redefined.
Package hyperref Info: Bookmarks ON on input line 4445.
\c@Hy@tempcnt=\count268

(c:/Users/alan.millington/AppData/Roaming/TinyTeX/texmf-dist/tex/latex/url/url.
sty
\Urlmuskip=\muskip17
Package: url 2013/09/16  ver 3.4  Verb mode for urls, etc.
)
LaTeX Info: Redefining \url on input line 4804.
\XeTeXLinkMargin=\dimen149

(c:/Users/alan.millington/AppData/Roaming/TinyTeX/texmf-dist/tex/generic/bitset
/bitset.sty
Package: bitset 2019/12/09 v1.3 Handle bit-vector datatype (HO)

(c:/Users/alan.millington/AppData/Roaming/TinyTeX/texmf-dist/tex/generic/bigint
calc/bigintcalc.sty
Package: bigintcalc 2019/12/15 v1.5 Expandable calculations on big integers (HO
)
))
\Fld@menulength=\count269
\Field@Width=\dimen150
\Fld@charsize=\dimen151
Package hyperref Info: Hyper figures OFF on input line 6075.
Package hyperref Info: Link nesting OFF on input line 6080.
Package hyperref Info: Hyper index ON on input line 6083.
Package hyperref Info: backreferencing OFF on input line 6090.
Package hyperref Info: Link coloring OFF on input line 6095.
Package hyperref Info: Link coloring with OCG OFF on input line 6100.
Package hyperref Info: PDF/A mode OFF on input line 6105.
LaTeX Info: Redefining \ref on input line 6145.
LaTeX Info: Redefining \pageref on input line 6149.

(c:/Users/alan.millington/AppData/Roaming/TinyTeX/texmf-dist/tex/latex/base/atb
egshi-ltx.sty
Package: atbegshi-ltx 2020/08/17 v1.0a Emulation of the original atbegshi packa
ge
with kernel methods
)
\Hy@abspage=\count270
\c@Item=\count271
\c@Hfootnote=\count272
)
Package hyperref Info: Driver (autodetected): hpdftex.

(c:/Users/alan.millington/AppData/Roaming/TinyTeX/texmf-dist/tex/latex/hyperref
/hpdftex.def
File: hpdftex.def 2021-02-27 v7.00k Hyperref driver for pdfTeX

(c:/Users/alan.millington/AppData/Roaming/TinyTeX/texmf-dist/tex/latex/base/atv
eryend-ltx.sty
Package: atveryend-ltx 2020/08/19 v1.0a Emulation of the original atvery packag
e
with kernel methods
)
\Fld@listcount=\count273
\c@bookmark@seq@number=\count274

(c:/Users/alan.millington/AppData/Roaming/TinyTeX/texmf-dist/tex/latex/rerunfil
echeck/rerunfilecheck.sty
Package: rerunfilecheck 2019/12/05 v1.9 Rerun checks for auxiliary files (HO)

(c:/Users/alan.millington/AppData/Roaming/TinyTeX/texmf-dist/tex/generic/unique
counter/uniquecounter.sty
Package: uniquecounter 2019/12/15 v1.4 Provide unlimited unique counter (HO)
)
Package uniquecounter Info: New unique counter `rerunfilecheck' on input line 2
86.
)
\Hy@SectionHShift=\skip52
)
(c:/Users/alan.millington/AppData/Roaming/TinyTeX/texmf-dist/tex/latex/geometry
/geometry.sty
Package: geometry 2020/01/02 v5.9 Page Geometry

(c:/Users/alan.millington/AppData/Roaming/TinyTeX/texmf-dist/tex/generic/iftex/
ifvtex.sty
Package: ifvtex 2019/10/25 v1.7 ifvtex legacy package. Use iftex instead.
)
\Gm@cnth=\count275
\Gm@cntv=\count276
\c@Gm@tempcnt=\count277
\Gm@bindingoffset=\dimen152
\Gm@wd@mp=\dimen153
\Gm@odd@mp=\dimen154
\Gm@even@mp=\dimen155
\Gm@layoutwidth=\dimen156
\Gm@layoutheight=\dimen157
\Gm@layouthoffset=\dimen158
\Gm@layoutvoffset=\dimen159
\Gm@dimlist=\toks24
)
(c:/Users/alan.millington/AppData/Roaming/TinyTeX/texmf-dist/tex/latex/tools/lo
ngtable.sty
Package: longtable 2020/01/07 v4.13 Multi-page Table package (DPC)
\LTleft=\skip53
\LTright=\skip54
\LTpre=\skip55
\LTpost=\skip56
\LTchunksize=\count278
\LTcapwidth=\dimen160
\LT@head=\box49
\LT@firsthead=\box50
\LT@foot=\box51
\LT@lastfoot=\box52
\LT@cols=\count279
\LT@rows=\count280
\c@LT@tables=\count281
\c@LT@chunks=\count282
\LT@p@ftn=\toks25
)
(c:/Users/alan.millington/AppData/Roaming/TinyTeX/texmf-dist/tex/latex/booktabs
/booktabs.sty
Package: booktabs 2020/01/12 v1.61803398 Publication quality tables
\heavyrulewidth=\dimen161
\lightrulewidth=\dimen162
\cmidrulewidth=\dimen163
\belowrulesep=\dimen164
\belowbottomsep=\dimen165
\aboverulesep=\dimen166
\abovetopsep=\dimen167
\cmidrulesep=\dimen168
\cmidrulekern=\dimen169
\defaultaddspace=\dimen170
\@cmidla=\count283
\@cmidlb=\count284
\@aboverulesep=\dimen171
\@belowrulesep=\dimen172
\@thisruleclass=\count285
\@lastruleclass=\count286
\@thisrulewidth=\dimen173
)
(c:/Users/alan.millington/AppData/Roaming/TinyTeX/texmf-dist/tex/latex/etoolbox
/etoolbox.sty
Package: etoolbox 2020/10/05 v2.5k e-TeX tools for LaTeX (JAW)
\etb@tempcnta=\count287
)
(c:/Users/alan.millington/AppData/Roaming/TinyTeX/texmf-dist/tex/latex/mdwtools
/footnote.sty
Package: footnote 1997/01/28 1.13 Save footnotes around boxes
\fn@notes=\box53
\fn@width=\dimen174
)
(c:/Users/alan.millington/AppData/Roaming/TinyTeX/texmf-dist/tex/latex/graphics
/graphicx.sty
Package: graphicx 2020/09/09 v1.2b Enhanced LaTeX Graphics (DPC,SPQR)

(c:/Users/alan.millington/AppData/Roaming/TinyTeX/texmf-dist/tex/latex/graphics
/graphics.sty
Package: graphics 2020/08/30 v1.4c Standard LaTeX Graphics (DPC,SPQR)

(c:/Users/alan.millington/AppData/Roaming/TinyTeX/texmf-dist/tex/latex/graphics
/trig.sty
Package: trig 2016/01/03 v1.10 sin cos tan (DPC)
)
(c:/Users/alan.millington/AppData/Roaming/TinyTeX/texmf-dist/tex/latex/graphics
-cfg/graphics.cfg
File: graphics.cfg 2016/06/04 v1.11 sample graphics configuration
)
Package graphics Info: Driver file: pdftex.def on input line 105.
)
\Gin@req@height=\dimen175
\Gin@req@width=\dimen176
)
(c:/Users/alan.millington/AppData/Roaming/TinyTeX/texmf-dist/tex/latex/grffile/
grffile.sty
Package: grffile 2019/11/11 v2.1 Extended file name support for graphics (legac
y)
Package grffile Info: This package is an empty stub for compatibility on input 
line 40.
)
(c:/Users/alan.millington/AppData/Roaming/TinyTeX/texmf-dist/tex/latex/l3backen
d/l3backend-pdftex.def
File: l3backend-pdftex.def 2021-03-18 L3 backend support: PDF output (pdfTeX)
\l__color_backend_stack_int=\count288
\l__pdf_internal_box=\box54
)
No file twitter-blossom-watch-2021.aux.
\openout1 = `twitter-blossom-watch-2021.aux'.

LaTeX Font Info:    Checking defaults for OML/cmm/m/it on input line 76.
LaTeX Font Info:    ... okay on input line 76.
LaTeX Font Info:    Checking defaults for OMS/cmsy/m/n on input line 76.
LaTeX Font Info:    ... okay on input line 76.
LaTeX Font Info:    Checking defaults for OT1/cmr/m/n on input line 76.
LaTeX Font Info:    ... okay on input line 76.
LaTeX Font Info:    Checking defaults for T1/cmr/m/n on input line 76.
LaTeX Font Info:    ... okay on input line 76.
LaTeX Font Info:    Checking defaults for TS1/cmr/m/n on input line 76.
LaTeX Font Info:    ... okay on input line 76.
LaTeX Font Info:    Checking defaults for OMX/cmex/m/n on input line 76.
LaTeX Font Info:    ... okay on input line 76.
LaTeX Font Info:    Checking defaults for U/cmr/m/n on input line 76.
LaTeX Font Info:    ... okay on input line 76.
LaTeX Font Info:    Checking defaults for PD1/pdf/m/n on input line 76.
LaTeX Font Info:    ... okay on input line 76.
LaTeX Font Info:    Checking defaults for PU/pdf/m/n on input line 76.
LaTeX Font Info:    ... okay on input line 76.

(c:/Users/alan.millington/AppData/Roaming/TinyTeX/texmf-dist/tex/latex/epstopdf
-pkg/epstopdf-base.sty
Package: epstopdf-base 2020-01-24 v2.11 Base part for package epstopdf
Package epstopdf-base Info: Redefining graphics rule for `.eps' on input line 4
85.

(c:/Users/alan.millington/AppData/Roaming/TinyTeX/texmf-dist/tex/latex/latexcon
fig/epstopdf-sys.cfg
File: epstopdf-sys.cfg 2010/07/13 v1.3 Configuration of (r)epstopdf for TeX Liv
e
))
Package hyperref Info: Link coloring OFF on input line 76.

(c:/Users/alan.millington/AppData/Roaming/TinyTeX/texmf-dist/tex/latex/hyperref
/nameref.sty
Package: nameref 2021-04-02 v2.47 Cross-referencing by name of section

(c:/Users/alan.millington/AppData/Roaming/TinyTeX/texmf-dist/tex/latex/refcount
/refcount.sty
Package: refcount 2019/12/15 v3.6 Data extraction from label references (HO)
)
(c:/Users/alan.millington/AppData/Roaming/TinyTeX/texmf-dist/tex/generic/gettit
lestring/gettitlestring.sty
Package: gettitlestring 2019/12/15 v1.6 Cleanup title references (HO)
)
\c@section@level=\count289
)
LaTeX Info: Redefining \ref on input line 76.
LaTeX Info: Redefining \pageref on input line 76.
LaTeX Info: Redefining \nameref on input line 76.
\@outlinefile=\write3
\openout3 = `twitter-blossom-watch-2021.out'.

*geometry* driver: auto-detecting
*geometry* detected driver: pdftex
*geometry* verbose mode - [ preamble ] result:
* driver: pdftex
* paper: <default>
* layout: <same size as paper>
* layoutoffset:(h,v)=(0.0pt,0.0pt)
* modes: 
* h-part:(L,W,R)=(72.26999pt, 469.75502pt, 72.26999pt)
* v-part:(T,H,B)=(72.26999pt, 650.43001pt, 72.26999pt)
* \paperwidth=614.295pt
* \paperheight=794.96999pt
* \textwidth=469.75502pt
* \textheight=650.43001pt
* \oddsidemargin=0.0pt
* \evensidemargin=0.0pt
* \topmargin=-37.0pt
* \headheight=12.0pt
* \headsep=25.0pt
* \topskip=10.0pt
* \footskip=30.0pt
* \marginparwidth=65.0pt
* \marginparsep=11.0pt
* \columnsep=10.0pt
* \skip\footins=9.0pt plus 4.0pt minus 2.0pt
* \hoffset=0.0pt
* \voffset=0.0pt
* \mag=1000
* \@twocolumnfalse
* \@twosidefalse
* \@mparswitchfalse
* \@reversemarginfalse
* (1in=72.27pt=25.4mm, 1cm=28.453pt)

LaTeX Font Info:    Trying to load font information for OT1+lmr on input line 7
8.

(c:/Users/alan.millington/AppData/Roaming/TinyTeX/texmf-dist/tex/latex/lm/ot1lm
r.fd
File: ot1lmr.fd 2009/10/30 v1.6 Font defs for Latin Modern
)
LaTeX Font Info:    Trying to load font information for OML+lmm on input line 7
8.

(c:/Users/alan.millington/AppData/Roaming/TinyTeX/texmf-dist/tex/latex/lm/omllm
m.fd
File: omllmm.fd 2009/10/30 v1.6 Font defs for Latin Modern
)
LaTeX Font Info:    Trying to load font information for OMS+lmsy on input line 
78.

(c:/Users/alan.millington/AppData/Roaming/TinyTeX/texmf-dist/tex/latex/lm/omslm
sy.fd
File: omslmsy.fd 2009/10/30 v1.6 Font defs for Latin Modern
)
LaTeX Font Info:    Trying to load font information for OMX+lmex on input line 
78.

(c:/Users/alan.millington/AppData/Roaming/TinyTeX/texmf-dist/tex/latex/lm/omxlm
ex.fd
File: omxlmex.fd 2009/10/30 v1.6 Font defs for Latin Modern
)
LaTeX Font Info:    External font `lmex10' loaded for size
(Font)              <12> on input line 78.
LaTeX Font Info:    External font `lmex10' loaded for size
(Font)              <8> on input line 78.
LaTeX Font Info:    External font `lmex10' loaded for size
(Font)              <6> on input line 78.
LaTeX Font Info:    Trying to load font information for U+msa on input line 78.


(c:/Users/alan.millington/AppData/Roaming/TinyTeX/texmf-dist/tex/latex/amsfonts
/umsa.fd
File: umsa.fd 2013/01/14 v3.01 AMS symbols A
)
LaTeX Font Info:    Trying to load font information for U+msb on input line 78.


(c:/Users/alan.millington/AppData/Roaming/TinyTeX/texmf-dist/tex/latex/amsfonts
/umsb.fd
File: umsb.fd 2013/01/14 v3.01 AMS symbols B
)
<twitter-blossom-watch-2021_files/figure-latex/tweets-by-day-1.pdf, id=4, 469.7
55pt x 325.215pt>
File: twitter-blossom-watch-2021_files/figure-latex/tweets-by-day-1.pdf Graphic
 file (type pdf)
<use twitter-blossom-watch-2021_files/figure-latex/tweets-by-day-1.pdf>
Package pdftex.def Info: twitter-blossom-watch-2021_files/figure-latex/tweets-b
y-day-1.pdf  used on input line 129.
(pdftex.def)             Requested size: 469.75386pt x 325.2142pt.

Overfull \hbox (177.9348pt too wide) in paragraph at lines 128--130
\T1/lmr/m/n/10 Frequency of tweets bro-ken down by day. [] 
 []

[1

{c:/Users/alan.millington/AppData/Roaming/TinyTeX/texmf-var/fonts/map/pdftex/up
dmap/pdftex.map}]
<twitter-blossom-watch-2021_files/figure-latex/tweets-by-day-hour-1.pdf, id=18,
 469.755pt x 325.215pt>
File: twitter-blossom-watch-2021_files/figure-latex/tweets-by-day-hour-1.pdf Gr
aphic file (type pdf)
<use twitter-blossom-watch-2021_files/figure-latex/tweets-by-day-hour-1.pdf>
Package pdftex.def Info: twitter-blossom-watch-2021_files/figure-latex/tweets-b
y-day-hour-1.pdf  used on input line 136.
(pdftex.def)             Requested size: 469.75386pt x 325.2142pt.
[2 <./twitter-blossom-watch-2021_files/figure-latex/tweets-by-day-1.pdf>]
<twitter-blossom-watch-2021_files/figure-latex/tweets-top-users-1.pdf, id=30, 6
50.43pt x 505.89pt>
File: twitter-blossom-watch-2021_files/figure-latex/tweets-top-users-1.pdf Grap
hic file (type pdf)
<use twitter-blossom-watch-2021_files/figure-latex/tweets-top-users-1.pdf>
Package pdftex.def Info: twitter-blossom-watch-2021_files/figure-latex/tweets-t
op-users-1.pdf  used on input line 146.
(pdftex.def)             Requested size: 469.76817pt x 365.37524pt.

Overfull \hbox (390.33687pt too wide) in paragraph at lines 144--147
\T1/lmr/m/n/10 Top twit-ter users that have tweeted more than 10 tweets con-tai
n-ing the #blos-som hash-tag. [] 
 []

[3 <./twitter-blossom-watch-2021_files/figure-latex/tweets-by-day-hour-1.pdf>]
<twitter-blossom-watch-2021_files/figure-latex/tweets-top-sources-1.pdf, id=44,
 469.755pt x 325.215pt>
File: twitter-blossom-watch-2021_files/figure-latex/tweets-top-sources-1.pdf Gr
aphic file (type pdf)
<use twitter-blossom-watch-2021_files/figure-latex/tweets-top-sources-1.pdf>
Package pdftex.def Info: twitter-blossom-watch-2021_files/figure-latex/tweets-t
op-sources-1.pdf  used on input line 153.
(pdftex.def)             Requested size: 469.75386pt x 325.2142pt.

Overfull \hbox (318.51706pt too wide) in paragraph at lines 151--154
\T1/lmr/m/n/10 Breakdown of twit-ter source clients that have used the #blos-so
m hash-tag. [] 
 []

[4 <./twitter-blossom-watch-2021_files/figure-latex/tweets-top-users-1.pdf>]
pdfTeX warning (ext1): too large image resolution ignored
<images/repliesnetwork.png, id=56, 10278.4pt x 7708.8pt>
File: images/repliesnetwork.png Graphic file (type png)
<use images/repliesnetwork.png>
Package pdftex.def Info: images/repliesnetwork.png  used on input line 162.
(pdftex.def)             Requested size: 469.72249pt x 352.29187pt.
[5 <./twitter-blossom-watch-2021_files/figure-latex/tweets-top-sources-1.pdf>]
pdfTeX warning (ext1): too large image resolution ignored
<images/mentionsnetwork.png, id=69, 10278.4pt x 7708.8pt>
File: images/mentionsnetwork.png Graphic file (type png)
<use images/mentionsnetwork.png>
Package pdftex.def Info: images/mentionsnetwork.png  used on input line 173.
(pdftex.def)             Requested size: 469.72249pt x 352.29187pt.
[6 <./images/repliesnetwork.png (PNG copy)>]
LaTeX Font Info:    External font `lmex10' loaded for size
(Font)              <10> on input line 199.
LaTeX Font Info:    External font `lmex10' loaded for size
(Font)              <7> on input line 199.
LaTeX Font Info:    External font `lmex10' loaded for size
(Font)              <5> on input line 199.
[7 <./images/mentionsnetwork.png (PNG copy)>]
<twitter-blossom-watch-2021_files/figure-latex/has-favorite-1.pdf, id=97, 469.7
55pt x 325.215pt>
File: twitter-blossom-watch-2021_files/figure-latex/has-favorite-1.pdf Graphic 
file (type pdf)
<use twitter-blossom-watch-2021_files/figure-latex/has-favorite-1.pdf>
Package pdftex.def Info: twitter-blossom-watch-2021_files/figure-latex/has-favo
rite-1.pdf  used on input line 300.
(pdftex.def)             Requested size: 469.75386pt x 325.2142pt.

Overfull \hbox (362.51727pt too wide) in paragraph at lines 298--301
\T1/lmr/m/n/10 How many times a tweet was saved a favourite that con-tained the
 blos-som key-words. [] 
 []

[8] [9 <./twitter-blossom-watch-2021_files/figure-latex/has-favorite-1.pdf>]
LaTeX Font Info:    Trying to load font information for TS1+lmr on input line 4
94.

(c:/Users/alan.millington/AppData/Roaming/TinyTeX/texmf-dist/tex/latex/lm/ts1lm
r.fd
File: ts1lmr.fd 2009/10/30 v1.6 Font defs for Latin Modern
) [10]
<twitter-blossom-watch-2021_files/figure-latex/has-media-1.pdf, id=150, 469.755
pt x 325.215pt>
File: twitter-blossom-watch-2021_files/figure-latex/has-media-1.pdf Graphic fil
e (type pdf)
<use twitter-blossom-watch-2021_files/figure-latex/has-media-1.pdf>
Package pdftex.def Info: twitter-blossom-watch-2021_files/figure-latex/has-medi
a-1.pdf  used on input line 538.
(pdftex.def)             Requested size: 469.75386pt x 325.2142pt.

Overfull \hbox (314.32196pt too wide) in paragraph at lines 537--539
\T1/lmr/m/n/10 Shows tweets where a piece of me-dia was shared such as im-ages 
or videos. [] 
 []

[11] [12 <./twitter-blossom-watch-2021_files/figure-latex/has-media-1.pdf>]

LaTeX Warning: File `list("http://pbs.twimg.com/ext_tw_video_thumb/137317379930
7345922/pu/img/Qcm5UVfXdZyyCNjR.jpg")' not found on input line 655.


! LaTeX Error: Unknown graphics extension: .jpg).

See the LaTeX manual or LaTeX Companion for explanation.
Type  H <return>  for immediate help.
 ...                                              
                                                  
l.655 ...9307345922/pu/img/Qcm5UVfXdZyyCNjR.jpg")}
                                                   
Here is how much of TeX's memory you used:
 10531 strings out of 480962
 158382 string characters out of 5905732
 468579 words of memory out of 5000000
 27495 multiletter control sequences out of 15000+600000
 449080 words of font info for 66 fonts, out of 8000000 for 9000
 14 hyphenation exceptions out of 8191
 71i,8n,74p,345b,444s stack positions out of 5000i,500n,10000p,200000b,80000s

!  ==> Fatal error occurred, no output PDF file produced!
